0 verbose cli C:\Program Files\nodejs\node.exe C:\Users\Rinny\AppData\Roaming\npm\node_modules\npm\bin\npm-cli.js
1 info using npm@11.4.2
2 info using node@v24.0.2
3 silly config load:file:C:\Users\Rinny\AppData\Roaming\npm\node_modules\npm\npmrc
4 silly config load:file:D:\Projects\project-taurus\.npmrc
5 silly config load:file:C:\Users\Rinny\.npmrc
6 silly config load:file:C:\Users\Rinny\AppData\Roaming\npm\etc\npmrc
7 verbose title npm run electron-dev
8 verbose argv "run" "electron-dev"
9 verbose logfile logs-max:10 dir:C:\Users\Rinny\AppData\Local\npm-cache\_logs\2025-07-06T19_53_27_225Z-
10 verbose logfile C:\Users\Rinny\AppData\Local\npm-cache\_logs\2025-07-06T19_53_27_225Z-debug-0.log
11 silly logfile start cleaning logs, removing 1 files
12 silly logfile done cleaning log files
13 verbose stack JSONParseError: Invalid package.json: JSONParseError: Expected ',' or '}' after property value in JSON at position 608 (line 24 column 5) while parsing near "...rces\": \"public\"\n    ]\n  },\n  \"dependenci..."
13 verbose stack     at parse (C:\Users\Rinny\AppData\Roaming\npm\node_modules\npm\node_modules\@npmcli\package-json\lib\read-package.js:19:21)
13 verbose stack     at PackageJson.fromJSON (C:\Users\Rinny\AppData\Roaming\npm\node_modules\npm\node_modules\@npmcli\package-json\lib\index.js:163:22)
13 verbose stack     at PackageJson.load (C:\Users\Rinny\AppData\Roaming\npm\node_modules\npm\node_modules\@npmcli\package-json\lib\index.js:158:17)
13 verbose stack     at async PackageJson.normalize (C:\Users\Rinny\AppData\Roaming\npm\node_modules\npm\node_modules\@npmcli\package-json\lib\index.js:118:5)
13 verbose stack     at async #run (C:\Users\Rinny\AppData\Roaming\npm\node_modules\npm\lib\commands\run.js:90:13)
13 verbose stack     at async RunScript.exec (C:\Users\Rinny\AppData\Roaming\npm\node_modules\npm\lib\commands\run.js:44:7)
13 verbose stack     at async Npm.exec (C:\Users\Rinny\AppData\Roaming\npm\node_modules\npm\lib\npm.js:208:9)
13 verbose stack     at async module.exports (C:\Users\Rinny\AppData\Roaming\npm\node_modules\npm\lib\cli\entry.js:67:5)
14 error code EJSONPARSE
15 error JSON.parse Invalid package.json: JSONParseError: Expected ',' or '}' after property value in JSON at position 608 (line 24 column 5) while parsing near "...rces\": \"public\"\n    ]\n  },\n  \"dependenci..."
16 error JSON.parse Failed to parse JSON data.
16 error JSON.parse Note: package.json must be actual JSON, not just JavaScript.
17 verbose cwd D:\Projects\project-taurus
18 verbose os Windows_NT 10.0.26100
19 verbose node v24.0.2
20 verbose npm  v11.4.2
21 verbose exit 1
22 verbose code 1
23 error A complete log of this run can be found in: C:\Users\Rinny\AppData\Local\npm-cache\_logs\2025-07-06T19_53_27_225Z-debug-0.log
